\BOOKMARK [1][-]{section.1}{\376\377\000P\000r\000e\000p\000a\000r\000a\000t\000i\000o\000n\000s}{}% 1
\BOOKMARK [1][-]{section.2}{\376\377\000E\000x\000p\000e\000r\000i\000m\000e\000n\000t\000\040\000-\000\040\0001\000:\000\040\000I\000-\000V\000\040\000c\000h\000a\000r\000a\000c\000t\000e\000r\000i\000s\000t\000i\000c\000s\000\040\000o\000f\000\040\000M\000O\000S\000\040\000t\000r\000a\000n\000s\000i\000s\000t\000o\000r\000s}{}% 2
\BOOKMARK [2][-]{subsection.2.1}{\376\377\000N\000M\000O\000S}{section.2}% 3
\BOOKMARK [2][-]{subsection.2.2}{\376\377\000P\000M\000O\000S}{section.2}% 4
\BOOKMARK [1][-]{section.3}{\376\377\000E\000x\000p\000e\000r\000i\000m\000e\000n\000t\000\040\000-\000\040\0002\000:\000\040\000T\000h\000e\000\040\000e\000f\000f\000e\000c\000t\000\040\000o\000n\000\040\000I\000V\000\040\000c\000h\000a\000r\000a\000c\000t\000e\000r\000i\000s\000t\000i\000c\000s\000\040\000w\000h\000e\000n\000\040\000v\000a\000r\000y\000i\000n\000g\000\040\000V\000G\000S\000,\000\040\000a\000n\000d\000\040\000t\000h\000e\000\040\000d\000e\000v\000i\000c\000e\000'\000s\000\040\000s\000i\000z\000e}{}% 5
\BOOKMARK [2][-]{subsection.3.1}{\376\377\000N\000M\000O\000S}{section.3}% 6
\BOOKMARK [2][-]{subsection.3.2}{\376\377\000P\000M\000O\000S}{section.3}% 7
\BOOKMARK [1][-]{section.4}{\376\377\000E\000x\000p\000l\000o\000r\000e\000\040\000s\000e\000c\000o\000n\000d\000-\000o\000r\000d\000e\000r\000\040\000e\000f\000f\000e\000c\000t\000s\000\040\000\050\000B\000o\000d\000y\000\040\000e\000f\000f\000e\000c\000t\000,\000\040\000C\000h\000a\000n\000n\000e\000l\000-\000l\000e\000n\000g\000t\000h\000\040\000m\000o\000d\000u\000l\000a\000t\000i\000o\000n\000\051}{}% 8
\BOOKMARK [2][-]{subsection.4.1}{\376\377\000N\000M\000O\000S}{section.4}% 9
\BOOKMARK [3][-]{subsubsection.4.1.1}{\376\377\000M\000e\000a\000s\000u\000r\000e\000\040}{subsection.4.1}% 10
\BOOKMARK [3][-]{subsubsection.4.1.2}{\376\377\000M\000e\000a\000s\000u\000r\000e\000\040\000V\000T\000h\0000}{subsection.4.1}% 11
\BOOKMARK [3][-]{subsubsection.4.1.3}{\376\377\000M\000e\000a\000s\000u\000r\000e\000\040}{subsection.4.1}% 12
\BOOKMARK [3][-]{subsubsection.4.1.4}{\376\377\000M\000e\000a\000s\000u\000r\000e\000\040\000k\000p}{subsection.4.1}% 13
\BOOKMARK [2][-]{subsection.4.2}{\376\377\000P\000M\000O\000S}{section.4}% 14
\BOOKMARK [3][-]{subsubsection.4.2.1}{\376\377\000M\000e\000a\000s\000u\000r\000e\000\040}{subsection.4.2}% 15
\BOOKMARK [3][-]{subsubsection.4.2.2}{\376\377\000M\000e\000a\000s\000u\000r\000e\000\040\000V\000T\000h\0000}{subsection.4.2}% 16
\BOOKMARK [3][-]{subsubsection.4.2.3}{\376\377\000M\000e\000a\000s\000u\000r\000e\000\040}{subsection.4.2}% 17
\BOOKMARK [3][-]{subsubsection.4.2.4}{\376\377\000M\000e\000a\000s\000u\000r\000e\000\040\000k\000p}{subsection.4.2}% 18
\BOOKMARK [1][-]{section.5}{\376\377\000L\000a\000y\000o\000u\000t\000\040\000d\000e\000s\000i\000g\000n\000\040\000f\000o\000r\000\040\000M\000O\000S\000\040\000t\000r\000a\000n\000s\000i\000s\000t\000o\000r}{}% 19
\BOOKMARK [2][-]{subsection.5.1}{\376\377\000N\000M\000O\000S}{section.5}% 20
\BOOKMARK [2][-]{subsection.5.2}{\376\377\000P\000M\000O\000S}{section.5}% 21
